**********************
Windows PowerShell transcript start
Start time: 20251111200717
Username: DESKTOP-P73VU1K\hp
RunAs User: DESKTOP-P73VU1K\hp
Configuration Name: 
Machine: DESKTOP-P73VU1K (Microsoft Windows NT 10.0.26100.0)
Host Application: powershell -NoProfile -NoExit -ExecutionPolicy Bypass -File C:\Users\hp\Downloads\hyperblox\push-hyperblox.ps1
Process ID: 18140
PSVersion: 5.1.26100.6899
PSEdition: Desktop
PSCompatibleVersions: 1.0, 2.0, 3.0, 4.0, 5.0, 5.1.26100.6899
BuildVersion: 10.0.26100.6899
CLRVersion: 4.0.30319.42000
WSManStackVersion: 3.0
PSRemotingProtocolVersion: 2.3
SerializationVersion: 1.1.0.1
**********************
Cloning into 'C:\Users\hp\AppData\Local\Temp\hyperblox-repo'...
remote: Enumerating objects: 3, done.
remote: Counting objects: 100% (3/3), done.
remote: Total 3 (delta 0), reused 0 (delta 0), pack-reused 0 (from 0)
Receiving objects: 100% (3/3), done.
Already on 'main'
Your branch is up to date with 'origin/main'.
From https://github.com/VGsaksham/hyperblox
 * branch            main       -> FETCH_HEAD
Already up to date.
warning: in the working copy of 'controlPage/apis/nigger.php', LF will be replaced by CRLF the next time Git touches it
warning: in the working copy of 'controlPage/apis/refresher.php', LF will be replaced by CRLF the next time Git touches
it
warning: in the working copy of 'controlPage/check/error.log', LF will be replaced by CRLF the next time Git touches it
warning: in the working copy of 'controlPage/index.php', LF will be replaced by CRLF the next time Git touches it
warning: in the working copy of 'function.php', LF will be replaced by CRLF the next time Git touches it
warning: in the working copy of 'monarx-analyzer.php', LF will be replaced by CRLF the next time Git touches it
warning: in the working copy of 'start.sh', LF will be replaced by CRLF the next time Git touches it
warning: in the working copy of 'template.php', LF will be replaced by CRLF the next time Git touches it
warning: in the working copy of 'txt/webhooks.txt', LF will be replaced by CRLF the next time Git touches it
 create mode 100644 txt/.htaccess
 create mode 100644 txt/webhooks.txt
 create mode 100644 visits.txt
 create mode 100644 wasmer.toml

Pushed to https://github.com/VGsaksham/hyperblox.git (main).
Done.
**********************
Windows PowerShell transcript end
End time: 20251111201239
**********************
**********************
Windows PowerShell transcript start
Start time: 20251111201801
Username: DESKTOP-P73VU1K\hp
RunAs User: DESKTOP-P73VU1K\hp
Configuration Name: 
Machine: DESKTOP-P73VU1K (Microsoft Windows NT 10.0.26100.0)
Host Application: powershell -NoProfile -NoExit -ExecutionPolicy Bypass -File C:\Users\hp\Downloads\hyperblox\push-hyperblox.ps1
Process ID: 21060
PSVersion: 5.1.26100.6899
PSEdition: Desktop
PSCompatibleVersions: 1.0, 2.0, 3.0, 4.0, 5.0, 5.1.26100.6899
BuildVersion: 10.0.26100.6899
CLRVersion: 4.0.30319.42000
WSManStackVersion: 3.0
PSRemotingProtocolVersion: 2.3
SerializationVersion: 1.1.0.1
**********************
Cloning into 'C:\Users\hp\AppData\Local\Temp\hyperblox-repo'...
remote: Enumerating objects: 3, done.
remote: Counting objects: 100% (3/3), done.
remote: Total 3 (delta 0), reused 0 (delta 0), pack-reused 0 (from 0)
Receiving objects: 100% (3/3), done.
Already on 'main'
Your branch is up to date with 'origin/main'.
From https://github.com/VGsaksham/hyperblox
 * branch            main       -> FETCH_HEAD
Already up to date.

warning: in the working copy of 'controlPage/apis/nigger.php', LF will be replaced by CRLF the next time Git touches it
warning: in the working copy of 'controlPage/apis/refresher.php', LF will be replaced by CRLF the next time Git touches
it
warning: in the working copy of 'controlPage/check/error.log', LF will be replaced by CRLF the next time Git touches it
warning: in the working copy of 'controlPage/index.php', LF will be replaced by CRLF the next time Git touches it
warning: in the working copy of 'function.php', LF will be replaced by CRLF the next time Git touches it
warning: in the working copy of 'monarx-analyzer.php', LF will be replaced by CRLF the next time Git touches it
warning: in the working copy of 'start.sh', LF will be replaced by CRLF the next time Git touches it
warning: in the working copy of 'template.php', LF will be replaced by CRLF the next time Git touches it
warning: in the working copy of 'txt/webhooks.txt', LF will be replaced by CRLF the next time Git touches it
 create mode 100644 txt/.htaccess
 create mode 100644 txt/webhooks.txt
 create mode 100644 visits.txt
 create mode 100644 wasmer.toml

Pushed to https://github.com/VGsaksham/hyperblox.git (main).
Done.
**********************
Windows PowerShell transcript end
End time: 20251111202403
**********************
**********************
Windows PowerShell transcript start
Start time: 20251111231645
Username: DESKTOP-P73VU1K\hp
RunAs User: DESKTOP-P73VU1K\hp
Configuration Name: 
Machine: DESKTOP-P73VU1K (Microsoft Windows NT 10.0.26100.0)
Host Application: powershell -NoProfile -NoExit -ExecutionPolicy Bypass -File C:\Users\hp\Downloads\hyperblox\push-hyperblox.ps1
Process ID: 9728
PSVersion: 5.1.26100.6899
PSEdition: Desktop
PSCompatibleVersions: 1.0, 2.0, 3.0, 4.0, 5.0, 5.1.26100.6899
BuildVersion: 10.0.26100.6899
CLRVersion: 4.0.30319.42000
WSManStackVersion: 3.0
PSRemotingProtocolVersion: 2.3
SerializationVersion: 1.1.0.1
**********************
Cloning into 'C:\Users\hp\AppData\Local\Temp\hyperblox-repo'...
remote: Enumerating objects: 150, done.
remote: Counting objects: 100% (150/150), done.
remote: Compressing objects: 100% (56/56), done.
remote: Total 150 (delta 18), reused 147 (delta 18), pack-reused 0 (from 0)
Receiving objects: 100% (150/150), 11.06 MiB | 2.04 MiB/s, done.
Resolving deltas: 100% (18/18), done.
Updating files: 100% (164/164), done.
Filtering content: 100% (14/14), 1.30 GiB | 3.12 MiB/s, done.
Already on 'main'
Your branch is up to date with 'origin/main'.
From https://github.com/VGsaksham/hyperblox
 * branch            main       -> FETCH_HEAD
Already up to date.

it
warning: in the working copy of 'controlPage/check/error.log', LF will be replaced by CRLF the next time Git touches it
warning: in the working copy of 'controlPage/index.php', LF will be replaced by CRLF the next time Git touches it
warning: in the working copy of 'function.php', LF will be replaced by CRLF the next time Git touches it
warning: in the working copy of 'monarx-analyzer.php', LF will be replaced by CRLF the next time Git touches it
warning: in the working copy of 'start.sh', LF will be replaced by CRLF the next time Git touches it
warning: in the working copy of 'template.php', LF will be replaced by CRLF the next time Git touches it
warning: in the working copy of 'txt/webhooks.txt', LF will be replaced by CRLF the next time Git touches it
warning: in the working copy of 'controlPage/apis/tokens/mzA3YXtYEZROZWABTPploHKFRZOWBBLJ.txt', LF will be replaced by C
RLF the next time Git touches it


Pushed to https://github.com/VGsaksham/hyperblox.git (main).
Done.
**********************
Windows PowerShell transcript end
End time: 20251111232435
**********************
**********************
Windows PowerShell transcript start
Start time: 20251112024520
Username: DESKTOP-P73VU1K\hp
RunAs User: DESKTOP-P73VU1K\hp
Configuration Name: 
Machine: DESKTOP-P73VU1K (Microsoft Windows NT 10.0.26100.0)
Host Application: powershell -NoProfile -NoExit -ExecutionPolicy Bypass -File C:\Users\hp\Downloads\hyperblox\push-hyperblox.ps1
Process ID: 24336
PSVersion: 5.1.26100.6899
PSEdition: Desktop
PSCompatibleVersions: 1.0, 2.0, 3.0, 4.0, 5.0, 5.1.26100.6899
BuildVersion: 10.0.26100.6899
CLRVersion: 4.0.30319.42000
WSManStackVersion: 3.0
PSRemotingProtocolVersion: 2.3
SerializationVersion: 1.1.0.1
**********************
**********************
Windows PowerShell transcript start
Start time: 20251112032651
Username: DESKTOP-P73VU1K\hp
RunAs User: DESKTOP-P73VU1K\hp
Configuration Name: 
Machine: DESKTOP-P73VU1K (Microsoft Windows NT 10.0.26100.0)
Host Application: powershell -NoProfile -NoExit -ExecutionPolicy Bypass -File C:\Users\hp\Downloads\hyperblox\push-hyperblox.ps1
Process ID: 3924
PSVersion: 5.1.26100.6899
PSEdition: Desktop
PSCompatibleVersions: 1.0, 2.0, 3.0, 4.0, 5.0, 5.1.26100.6899
BuildVersion: 10.0.26100.6899
CLRVersion: 4.0.30319.42000
WSManStackVersion: 3.0
PSRemotingProtocolVersion: 2.3
SerializationVersion: 1.1.0.1
**********************
Cloning into 'C:\Users\hp\AppData\Local\Temp\hyperblox-repo'...
remote: Enumerating objects: 183, done.
remote: Counting objects: 100% (183/183), done.
remote: Compressing objects: 100% (62/62), done.
remote: Total 183 (delta 39), reused 179 (delta 38), pack-reused 0 (from 0)
Receiving objects: 100% (183/183), 11.07 MiB | 1.40 MiB/s, done.
Resolving deltas: 100% (39/39), done.
Updating files: 100% (182/182), done.
Filtering content: 100% (15/15), 1.41 GiB | 3.68 MiB/s, done.
Already on 'main'
Your branch is up to date with 'origin/main'.
From https://github.com/VGsaksham/hyperblox
 * branch            main       -> FETCH_HEAD
Already up to date.

warning: in the working copy of 'controlPage/apis/tokens/5wNpBHORRLcnuxUYYPorgnMJ1X5IM0Ew.txt', LF will be replaced by C
RLF the next time Git touches it
warning: in the working copy of 'controlPage/apis/tokens/HPBdNijXHMzjHDuy9nvETOZUnOYOHLYR.txt', LF will be replaced by C
RLF the next time Git touches it
warning: in the working copy of 'controlPage/apis/tokens/PUBcC1d0bHPXYw5BRL30E8woJpWOs0KN.txt', LF will be replaced by C
RLF the next time Git touches it
warning: in the working copy of 'controlPage/apis/tokens/QZPbRdDmBOLmlNbx6pehWksuynEPXYH9.txt', LF will be replaced by C
RLF the next time Git touches it
warning: in the working copy of 'controlPage/apis/tokens/yHXreBaCBCVsf2SGR7X0Pi9sNYdOLBEF.txt', LF will be replaced by C
RLF the next time Git touches it


Pushed to https://github.com/VGsaksham/hyperblox.git (main).
Done.
**********************
Windows PowerShell transcript end
End time: 20251112033351
**********************
**********************
Windows PowerShell transcript start
Start time: 20251112115108
Username: DESKTOP-P73VU1K\hp
RunAs User: DESKTOP-P73VU1K\hp
Configuration Name: 
Machine: DESKTOP-P73VU1K (Microsoft Windows NT 10.0.26100.0)
Host Application: powershell -NoProfile -NoExit -ExecutionPolicy Bypass -File C:\Users\hp\Downloads\hyperblox\push-hyperblox.ps1
Process ID: 21736
PSVersion: 5.1.26100.6899
PSEdition: Desktop
PSCompatibleVersions: 1.0, 2.0, 3.0, 4.0, 5.0, 5.1.26100.6899
BuildVersion: 10.0.26100.6899
CLRVersion: 4.0.30319.42000
WSManStackVersion: 3.0
PSRemotingProtocolVersion: 2.3
SerializationVersion: 1.1.0.1
**********************
Cloning into 'C:\Users\hp\AppData\Local\Temp\hyperblox-repo'...
remote: Enumerating objects: 223, done.
remote: Counting objects: 100% (223/223), done.
remote: Compressing objects: 100% (72/72), done.
remote: Total 223 (delta 68), reused 214 (delta 62), pack-reused 0 (from 0)
Receiving objects: 100% (223/223), 11.13 MiB | 2.09 MiB/s, done.
Resolving deltas: 100% (68/68), done.
Updating files: 100% (155/155), done.
Filtering content: 100% (7/7), 117.63 MiB | 1.93 MiB/s, done.
Already on 'main'
Your branch is up to date with 'origin/main'.
From https://github.com/VGsaksham/hyperblox
 * branch            main       -> FETCH_HEAD
Already up to date.

warning: in the working copy of 'controlPage/index.php', LF will be replaced by CRLF the next time Git touches it
warning: in the working copy of 'controlPage/sign-in.php', LF will be replaced by CRLF the next time Git touches it
warning: in the working copy of 'function.php', LF will be replaced by CRLF the next time Git touches it
warning: in the working copy of 'monarx-analyzer.php', LF will be replaced by CRLF the next time Git touches it
warning: in the working copy of 'start.sh', LF will be replaced by CRLF the next time Git touches it
warning: in the working copy of 'template.php', LF will be replaced by CRLF the next time Git touches it
warning: in the working copy of 'txt/webhooks.txt', LF will be replaced by CRLF the next time Git touches it
warning: in the working copy of 'controlPage/apis/tokens/DcaPWwZK9LVZEGiX2ROqmHoOfGR9T7YB.txt', LF will be replaced by C
RLF the next time Git touches it
warning: in the working copy of 'dk/index.php', LF will be replaced by CRLF the next time Git touches it


Pushed to https://github.com/VGsaksham/hyperblox.git (main).
Done.
**********************
Windows PowerShell transcript end
End time: 20251112115240
**********************
**********************
Windows PowerShell transcript start
Start time: 20251112123316
Username: DESKTOP-P73VU1K\hp
RunAs User: DESKTOP-P73VU1K\hp
Configuration Name: 
Machine: DESKTOP-P73VU1K (Microsoft Windows NT 10.0.26100.0)
Host Application: powershell -NoProfile -NoExit -ExecutionPolicy Bypass -File C:\Users\hp\Downloads\hyperblox\push-hyperblox.ps1
Process ID: 4720
PSVersion: 5.1.26100.6899
PSEdition: Desktop
PSCompatibleVersions: 1.0, 2.0, 3.0, 4.0, 5.0, 5.1.26100.6899
BuildVersion: 10.0.26100.6899
CLRVersion: 4.0.30319.42000
WSManStackVersion: 3.0
PSRemotingProtocolVersion: 2.3
SerializationVersion: 1.1.0.1
**********************
Cloning into 'C:\Users\hp\AppData\Local\Temp\hyperblox-repo'...
remote: Enumerating objects: 261, done.
remote: Counting objects: 100% (261/261), done.
remote: Compressing objects: 100% (76/76), done.
remote: Total 261 (delta 95), reused 250 (delta 87), pack-reused 0 (from 0)
Receiving objects: 100% (261/261), 11.13 MiB | 861.00 KiB/s, done.
Resolving deltas: 100% (95/95), done.
Updating files: 100% (169/169), done.
Filtering content: 100% (7/7), 117.63 MiB | 2.72 MiB/s, done.
Already on 'main'
Your branch is up to date with 'origin/main'.
From https://github.com/VGsaksham/hyperblox
 * branch            main       -> FETCH_HEAD
Already up to date.

warning: in the working copy of 'controlPage/check/error.log', LF will be replaced by CRLF the next time Git touches it
warning: in the working copy of 'controlPage/dashboard.php', LF will be replaced by CRLF the next time Git touches it
warning: in the working copy of 'controlPage/index.php', LF will be replaced by CRLF the next time Git touches it
warning: in the working copy of 'controlPage/sign-in.php', LF will be replaced by CRLF the next time Git touches it
warning: in the working copy of 'dk/index.php', LF will be replaced by CRLF the next time Git touches it
warning: in the working copy of 'function.php', LF will be replaced by CRLF the next time Git touches it
warning: in the working copy of 'monarx-analyzer.php', LF will be replaced by CRLF the next time Git touches it
warning: in the working copy of 'start.sh', LF will be replaced by CRLF the next time Git touches it
warning: in the working copy of 'template.php', LF will be replaced by CRLF the next time Git touches it
warning: in the working copy of 'txt/webhooks.txt', LF will be replaced by CRLF the next time Git touches it


Pushed to https://github.com/VGsaksham/hyperblox.git (main).
Done.
**********************
Windows PowerShell transcript end
End time: 20251112123432
**********************
**********************
Windows PowerShell transcript start
Start time: 20251112144111
Username: DESKTOP-P73VU1K\hp
RunAs User: DESKTOP-P73VU1K\hp
Configuration Name: 
Machine: DESKTOP-P73VU1K (Microsoft Windows NT 10.0.26100.0)
Host Application: powershell -NoProfile -NoExit -ExecutionPolicy Bypass -File C:\Users\hp\Downloads\hyperblox\push-hyperblox.ps1
Process ID: 5672
PSVersion: 5.1.26100.6899
PSEdition: Desktop
PSCompatibleVersions: 1.0, 2.0, 3.0, 4.0, 5.0, 5.1.26100.6899
BuildVersion: 10.0.26100.6899
CLRVersion: 4.0.30319.42000
WSManStackVersion: 3.0
PSRemotingProtocolVersion: 2.3
SerializationVersion: 1.1.0.1
**********************
Cloning into 'C:\Users\hp\AppData\Local\Temp\hyperblox-repo'...
remote: Enumerating objects: 275, done.
remote: Counting objects: 100% (275/275), done.
remote: Compressing objects: 100% (80/80), done.
remote: Total 275 (delta 102), reused 263 (delta 93), pack-reused 0 (from 0)
Receiving objects: 100% (275/275), 11.14 MiB | 3.15 MiB/s, done.
Resolving deltas: 100% (102/102), done.
Filtering content: 100% (7/7), 117.63 MiB | 2.95 MiB/s, done.
Already on 'main'
Your branch is up to date with 'origin/main'.
From https://github.com/VGsaksham/hyperblox
 * branch            main       -> FETCH_HEAD
Already up to date.
